# JRE version: OpenJDK Runtime Environment Microsoft-8035246 (17.0.8+7) (build 17.0.8+7-LTS)
# Java VM: OpenJDK 64-Bit Server VM Microsoft-8035246 (17.0.8+7-LTS, mixed mode, sharing, tiered, compressed oops, compressed class ptrs, g1 gc, windows-amd64)
GC Precious Log:
 CPUs: 8 total, 8 available
 Memory: 16253M
 Large Page Support: Disabled
 NUMA Support: Disabled
 Compressed Oops: Enabled (32-bit)
 Heap Region Size: 1M
 Heap Min Capacity: 8M
 Heap Initial Capacity: 254M
 Heap Max Capacity: 2G
 Pre-touch: Disabled
 Parallel Workers: 8
 Concurrent Workers: 2
 Concurrent Refinement Workers: 8
 Periodic GC: Disabled
Heap:
 garbage-first heap   total 364544K, used 177741K [0x0000000080000000, 0x0000000100000000)
  region size 1024K, 16 young (16384K), 12 survivors (12288K)
 Metaspace       used 102523K, committed 103552K, reserved 557056K
  class space    used 14220K, committed 14720K, reserved 425984K
GC Heap History (20 events):
Event: 45.985 GC heap before
{Heap before GC invocations=48 (full 0):
 garbage-first heap   total 182272K, used 95021K [0x0000000080000000, 0x0000000100000000)
  region size 1024K, 8 young (8192K), 6 survivors (6144K)
 Metaspace       used 78718K, committed 79424K, reserved 557056K
  class space    used 10916K, committed 11264K, reserved 425984K
}
Event: 45.991 GC heap after
{Heap after GC invocations=49 (full 0):
 garbage-first heap   total 182272K, used 94047K [0x0000000080000000, 0x0000000100000000)
  region size 1024K, 1 young (1024K), 1 survivors (1024K)
 Metaspace       used 78718K, committed 79424K, reserved 557056K
  class space    used 10916K, committed 11264K, reserved 425984K
}
Event: 46.559 GC heap before
{Heap before GC invocations=49 (full 0):
 garbage-first heap   total 182272K, used 132959K [0x0000000080000000, 0x0000000100000000)
  region size 1024K, 40 young (40960K), 1 survivors (1024K)
 Metaspace       used 81474K, committed 82176K, reserved 557056K
  class space    used 11292K, committed 11648K, reserved 425984K
}
Event: 46.561 GC heap after
{Heap after GC invocations=50 (full 0):
 garbage-first heap   total 182272K, used 94666K [0x0000000080000000, 0x0000000100000000)
  region size 1024K, 2 young (2048K), 2 survivors (2048K)
 Metaspace       used 81474K, committed 82176K, reserved 557056K
  class space    used 11292K, committed 11648K, reserved 425984K
}
Event: 47.179 GC heap before
{Heap before GC invocations=51 (full 0):
 garbage-first heap   total 182272K, used 144842K [0x0000000080000000, 0x0000000100000000)
  region size 1024K, 50 young (51200K), 2 survivors (2048K)
 Metaspace       used 84813K, committed 85568K, reserved 557056K
  class space    used 11917K, committed 12288K, reserved 425984K
}
Event: 47.182 GC heap after
{Heap after GC invocations=52 (full 0):
 garbage-first heap   total 182272K, used 95650K [0x0000000080000000, 0x0000000100000000)
  region size 1024K, 3 young (3072K), 3 survivors (3072K)
 Metaspace       used 84813K, committed 85568K, reserved 557056K
  class space    used 11917K, committed 12288K, reserved 425984K
}
Event: 47.240 GC heap before
{Heap before GC invocations=52 (full 0):
 garbage-first heap   total 182272K, used 100770K [0x0000000080000000, 0x0000000100000000)
  region size 1024K, 8 young (8192K), 3 survivors (3072K)
 Metaspace       used 85157K, committed 85952K, reserved 557056K
  class space    used 11958K, committed 12352K, reserved 425984K
}
Event: 47.243 GC heap after
{Heap after GC invocations=53 (full 0):
 garbage-first heap   total 182272K, used 95765K [0x0000000080000000, 0x0000000100000000)
  region size 1024K, 1 young (1024K), 1 survivors (1024K)
 Metaspace       used 85157K, committed 85952K, reserved 557056K
  class space    used 11958K, committed 12352K, reserved 425984K
}
Event: 47.769 GC heap before
{Heap before GC invocations=53 (full 0):
 garbage-first heap   total 182272K, used 145941K [0x0000000080000000, 0x0000000100000000)
  region size 1024K, 50 young (51200K), 1 survivors (1024K)
 Metaspace       used 87520K, committed 88320K, reserved 557056K
  class space    used 12286K, committed 12672K, reserved 425984K
}
Event: 47.773 GC heap after
{Heap after GC invocations=54 (full 0):
 garbage-first heap   total 182272K, used 99387K [0x0000000080000000, 0x0000000100000000)
  region size 1024K, 5 young (5120K), 5 survivors (5120K)
 Metaspace       used 87520K, committed 88320K, reserved 557056K
  class space    used 12286K, committed 12672K, reserved 425984K
}
Event: 49.750 GC heap before
{Heap before GC invocations=55 (full 0):
 garbage-first heap   total 182272K, used 150587K [0x0000000080000000, 0x0000000100000000)
  region size 1024K, 52 young (53248K), 5 survivors (5120K)
 Metaspace       used 88685K, committed 89536K, reserved 557056K
  class space    used 12407K, committed 12800K, reserved 425984K
}
Event: 49.761 GC heap after
{Heap after GC invocations=56 (full 0):
 garbage-first heap   total 182272K, used 113544K [0x0000000080000000, 0x0000000100000000)
  region size 1024K, 7 young (7168K), 7 survivors (7168K)
 Metaspace       used 88685K, committed 89536K, reserved 557056K
  class space    used 12407K, committed 12800K, reserved 425984K
}
Event: 49.781 GC heap before
{Heap before GC invocations=56 (full 0):
 garbage-first heap   total 182272K, used 114568K [0x0000000080000000, 0x0000000100000000)
  region size 1024K, 8 young (8192K), 7 survivors (7168K)
 Metaspace       used 88703K, committed 89536K, reserved 557056K
  class space    used 12412K, committed 12800K, reserved 425984K
}
Event: 49.787 GC heap after
{Heap after GC invocations=57 (full 0):
 garbage-first heap   total 182272K, used 114846K [0x0000000080000000, 0x0000000100000000)
  region size 1024K, 1 young (1024K), 1 survivors (1024K)
 Metaspace       used 88703K, committed 89536K, reserved 557056K
  class space    used 12412K, committed 12800K, reserved 425984K
}
Event: 51.608 GC heap before
{Heap before GC invocations=57 (full 0):
 garbage-first heap   total 182272K, used 147614K [0x0000000080000000, 0x0000000100000000)
  region size 1024K, 33 young (33792K), 1 survivors (1024K)
 Metaspace       used 90173K, committed 91008K, reserved 557056K
  class space    used 12663K, committed 13056K, reserved 425984K
}
Event: 51.614 GC heap after
{Heap after GC invocations=58 (full 0):
 garbage-first heap   total 364544K, used 118931K [0x0000000080000000, 0x0000000100000000)
  region size 1024K, 5 young (5120K), 5 survivors (5120K)
 Metaspace       used 90173K, committed 91008K, reserved 557056K
  class space    used 12663K, committed 13056K, reserved 425984K
}
Event: 57.645 GC heap before
{Heap before GC invocations=58 (full 0):
 garbage-first heap   total 364544K, used 278675K [0x0000000080000000, 0x0000000100000000)
  region size 1024K, 156 young (159744K), 5 survivors (5120K)
 Metaspace       used 95003K, committed 95936K, reserved 557056K
  class space    used 13349K, committed 13760K, reserved 425984K
}
Event: 57.662 GC heap after
{Heap after GC invocations=59 (full 0):
 garbage-first heap   total 364544K, used 148779K [0x0000000080000000, 0x0000000100000000)
  region size 1024K, 20 young (20480K), 20 survivors (20480K)
 Metaspace       used 95003K, committed 95936K, reserved 557056K
  class space    used 13349K, committed 13760K, reserved 425984K
}
Event: 59.934 GC heap before
{Heap before GC invocations=59 (full 0):
 garbage-first heap   total 364544K, used 273707K [0x0000000080000000, 0x0000000100000000)
  region size 1024K, 142 young (145408K), 20 survivors (20480K)
 Metaspace       used 99206K, committed 100160K, reserved 557056K
  class space    used 13834K, committed 14272K, reserved 425984K
}
Event: 59.949 GC heap after
{Heap after GC invocations=60 (full 0):
 garbage-first heap   total 364544K, used 163190K [0x0000000080000000, 0x0000000100000000)
  region size 1024K, 14 young (14336K), 14 survivors (14336K)
 Metaspace       used 99206K, committed 100160K, reserved 557056K
  class space    used 13834K, committed 14272K, reserved 425984K
}

