# JRE version: OpenJDK Runtime Environment Microsoft-8035246 (17.0.8+7) (build 17.0.8+7-LTS)
# Java VM: OpenJDK 64-Bit Server VM Microsoft-8035246 (17.0.8+7-LTS, mixed mode, sharing, tiered, compressed oops, compressed class ptrs, g1 gc, windows-amd64)
GC Precious Log:
 CPUs: 8 total, 8 available
 Memory: 16253M
 Large Page Support: Disabled
 NUMA Support: Disabled
 Compressed Oops: Enabled (32-bit)
 Heap Region Size: 1M
 Heap Min Capacity: 8M
 Heap Initial Capacity: 254M
 Heap Max Capacity: 2G
 Pre-touch: Disabled
 Parallel Workers: 8
 Concurrent Workers: 2
 Concurrent Refinement Workers: 8
 Periodic GC: Disabled
Heap:
 garbage-first heap   total 242688K, used 181818K [0x0000000080000000, 0x0000000100000000)
  region size 1024K, 4 young (4096K), 3 survivors (3072K)
 Metaspace       used 107846K, committed 108864K, reserved 557056K
  class space    used 14874K, committed 15360K, reserved 425984K
GC Heap History (20 events):
Event: 99.263 GC heap before
{Heap before GC invocations=77 (full 0):
 garbage-first heap   total 201728K, used 174203K [0x0000000080000000, 0x0000000100000000)
  region size 1024K, 14 young (14336K), 2 survivors (2048K)
 Metaspace       used 103852K, committed 104896K, reserved 557056K
  class space    used 14427K, committed 14912K, reserved 425984K
}
Event: 99.267 GC heap after
{Heap after GC invocations=78 (full 0):
 garbage-first heap   total 201728K, used 163740K [0x0000000080000000, 0x0000000100000000)
  region size 1024K, 2 young (2048K), 2 survivors (2048K)
 Metaspace       used 103852K, committed 104896K, reserved 557056K
  class space    used 14427K, committed 14912K, reserved 425984K
}
Event: 99.497 GC heap before
{Heap before GC invocations=78 (full 0):
 garbage-first heap   total 201728K, used 175004K [0x0000000080000000, 0x0000000100000000)
  region size 1024K, 13 young (13312K), 2 survivors (2048K)
 Metaspace       used 103935K, committed 104960K, reserved 557056K
  class space    used 14428K, committed 14912K, reserved 425984K
}
Event: 99.500 GC heap after
{Heap after GC invocations=79 (full 0):
 garbage-first heap   total 201728K, used 164644K [0x0000000080000000, 0x0000000100000000)
  region size 1024K, 1 young (1024K), 1 survivors (1024K)
 Metaspace       used 103935K, committed 104960K, reserved 557056K
  class space    used 14428K, committed 14912K, reserved 425984K
}
Event: 99.696 GC heap before
{Heap before GC invocations=79 (full 0):
 garbage-first heap   total 201728K, used 175908K [0x0000000080000000, 0x0000000100000000)
  region size 1024K, 12 young (12288K), 1 survivors (1024K)
 Metaspace       used 103997K, committed 105024K, reserved 557056K
  class space    used 14429K, committed 14912K, reserved 425984K
}
Event: 99.699 GC heap after
{Heap after GC invocations=80 (full 0):
 garbage-first heap   total 201728K, used 165669K [0x0000000080000000, 0x0000000100000000)
  region size 1024K, 2 young (2048K), 2 survivors (2048K)
 Metaspace       used 103997K, committed 105024K, reserved 557056K
  class space    used 14429K, committed 14912K, reserved 425984K
}
Event: 99.927 GC heap before
{Heap before GC invocations=80 (full 0):
 garbage-first heap   total 201728K, used 176933K [0x0000000080000000, 0x0000000100000000)
  region size 1024K, 13 young (13312K), 2 survivors (2048K)
 Metaspace       used 104040K, committed 105088K, reserved 557056K
  class space    used 14430K, committed 14912K, reserved 425984K
}
Event: 99.930 GC heap after
{Heap after GC invocations=81 (full 0):
 garbage-first heap   total 201728K, used 166812K [0x0000000080000000, 0x0000000100000000)
  region size 1024K, 2 young (2048K), 2 survivors (2048K)
 Metaspace       used 104040K, committed 105088K, reserved 557056K
  class space    used 14430K, committed 14912K, reserved 425984K
}
Event: 100.100 GC heap before
{Heap before GC invocations=81 (full 0):
 garbage-first heap   total 201728K, used 176028K [0x0000000080000000, 0x0000000100000000)
  region size 1024K, 11 young (11264K), 2 survivors (2048K)
 Metaspace       used 104290K, committed 105344K, reserved 557056K
  class space    used 14463K, committed 14976K, reserved 425984K
}
Event: 100.104 GC heap after
{Heap after GC invocations=82 (full 0):
 garbage-first heap   total 201728K, used 168145K [0x0000000080000000, 0x0000000100000000)
  region size 1024K, 2 young (2048K), 2 survivors (2048K)
 Metaspace       used 104290K, committed 105344K, reserved 557056K
  class space    used 14463K, committed 14976K, reserved 425984K
}
Event: 100.205 GC heap before
{Heap before GC invocations=82 (full 0):
 garbage-first heap   total 201728K, used 176337K [0x0000000080000000, 0x0000000100000000)
  region size 1024K, 10 young (10240K), 2 survivors (2048K)
 Metaspace       used 104352K, committed 105408K, reserved 557056K
  class space    used 14468K, committed 14976K, reserved 425984K
}
Event: 100.208 GC heap after
{Heap after GC invocations=83 (full 0):
 garbage-first heap   total 201728K, used 169012K [0x0000000080000000, 0x0000000100000000)
  region size 1024K, 1 young (1024K), 1 survivors (1024K)
 Metaspace       used 104352K, committed 105408K, reserved 557056K
  class space    used 14468K, committed 14976K, reserved 425984K
}
Event: 100.344 GC heap before
{Heap before GC invocations=83 (full 0):
 garbage-first heap   total 201728K, used 176180K [0x0000000080000000, 0x0000000100000000)
  region size 1024K, 9 young (9216K), 1 survivors (1024K)
 Metaspace       used 104534K, committed 105600K, reserved 557056K
  class space    used 14486K, committed 14976K, reserved 425984K
}
Event: 100.347 GC heap after
{Heap after GC invocations=84 (full 0):
 garbage-first heap   total 242688K, used 170542K [0x0000000080000000, 0x0000000100000000)
  region size 1024K, 2 young (2048K), 2 survivors (2048K)
 Metaspace       used 104534K, committed 105600K, reserved 557056K
  class space    used 14486K, committed 14976K, reserved 425984K
}
Event: 101.313 GC heap before
{Heap before GC invocations=84 (full 0):
 garbage-first heap   total 242688K, used 212526K [0x0000000080000000, 0x0000000100000000)
  region size 1024K, 39 young (39936K), 2 survivors (2048K)
 Metaspace       used 106957K, committed 108032K, reserved 557056K
  class space    used 14774K, committed 15296K, reserved 425984K
}
Event: 101.319 GC heap after
{Heap after GC invocations=85 (full 0):
 garbage-first heap   total 242688K, used 173974K [0x0000000080000000, 0x0000000100000000)
  region size 1024K, 5 young (5120K), 5 survivors (5120K)
 Metaspace       used 106957K, committed 108032K, reserved 557056K
  class space    used 14774K, committed 15296K, reserved 425984K
}
Event: 102.041 GC heap before
{Heap before GC invocations=85 (full 0):
 garbage-first heap   total 242688K, used 207766K [0x0000000080000000, 0x0000000100000000)
  region size 1024K, 38 young (38912K), 5 survivors (5120K)
 Metaspace       used 107223K, committed 108288K, reserved 557056K
  class space    used 14781K, committed 15296K, reserved 425984K
}
Event: 102.047 GC heap after
{Heap after GC invocations=86 (full 0):
 garbage-first heap   total 242688K, used 175216K [0x0000000080000000, 0x0000000100000000)
  region size 1024K, 2 young (2048K), 2 survivors (2048K)
 Metaspace       used 107223K, committed 108288K, reserved 557056K
  class space    used 14781K, committed 15296K, reserved 425984K
}
Event: 102.798 GC heap before
{Heap before GC invocations=86 (full 0):
 garbage-first heap   total 242688K, used 207984K [0x0000000080000000, 0x0000000100000000)
  region size 1024K, 35 young (35840K), 2 survivors (2048K)
 Metaspace       used 107824K, committed 108864K, reserved 557056K
  class space    used 14874K, committed 15360K, reserved 425984K
}
Event: 102.804 GC heap after
{Heap after GC invocations=87 (full 0):
 garbage-first heap   total 242688K, used 179670K [0x0000000080000000, 0x0000000100000000)
  region size 1024K, 5 young (5120K), 5 survivors (5120K)
 Metaspace       used 107824K, committed 108864K, reserved 557056K
  class space    used 14874K, committed 15360K, reserved 425984K
}

